0 info it worked if it ends with ok
1 verbose cli [ '/Users/amotgi/.nvm/versions/node/v4.2.6/bin/node',
1 verbose cli   '/Users/amotgi/.nvm/versions/node/v4.2.6/bin/npm',
1 verbose cli   'run',
1 verbose cli   'start' ]
2 info using npm@4.0.3
3 info using node@v4.2.6
4 verbose run-script [ 'prestart', 'start', 'poststart' ]
5 info lifecycle realtime-dashboard@1.0.0~prestart: realtime-dashboard@1.0.0
6 silly lifecycle realtime-dashboard@1.0.0~prestart: no script for prestart, continuing
7 info lifecycle realtime-dashboard@1.0.0~start: realtime-dashboard@1.0.0
8 verbose lifecycle realtime-dashboard@1.0.0~start: unsafe-perm in lifecycle true
9 verbose lifecycle realtime-dashboard@1.0.0~start: PATH: /Users/amotgi/.nvm/versions/node/v4.2.6/lib/node_modules/npm/bin/node-gyp-bin:/Users/amotgi/realtime-dashboard/node_modules/.bin:/Users/amotgi/.nvm/versions/node/v4.2.6/bin:/usr/local/git/bin:/usr/local/bin:/usr/local/sbin:/usr/local/bin:/usr/bin:/bin:/usr/sbin:/sbin:/usr/local/git/bin:/usr/local/share/npm/bin:/Library/Java/JavaVirtualMachines/jdk1.8.0_111.jdk/Contents/Home/bin:/usr/local/Cellar/tomcat7/7.0.63/libexec/bin
10 verbose lifecycle realtime-dashboard@1.0.0~start: CWD: /Users/amotgi/realtime-dashboard
11 silly lifecycle realtime-dashboard@1.0.0~start: Args: [ '-c', 'webpack && npm run build' ]
12 silly lifecycle realtime-dashboard@1.0.0~start: Returned: code: 2  signal: null
13 info lifecycle realtime-dashboard@1.0.0~start: Failed to exec start script
14 verbose stack Error: realtime-dashboard@1.0.0 start: `webpack && npm run build`
14 verbose stack Exit status 2
14 verbose stack     at EventEmitter.<anonymous> (/Users/amotgi/.nvm/versions/node/v4.2.6/lib/node_modules/npm/lib/utils/lifecycle.js:279:16)
14 verbose stack     at emitTwo (events.js:87:13)
14 verbose stack     at EventEmitter.emit (events.js:172:7)
14 verbose stack     at ChildProcess.<anonymous> (/Users/amotgi/.nvm/versions/node/v4.2.6/lib/node_modules/npm/lib/utils/spawn.js:40:14)
14 verbose stack     at emitTwo (events.js:87:13)
14 verbose stack     at ChildProcess.emit (events.js:172:7)
14 verbose stack     at maybeClose (internal/child_process.js:821:16)
14 verbose stack     at Process.ChildProcess._handle.onexit (internal/child_process.js:211:5)
15 verbose pkgid realtime-dashboard@1.0.0
16 verbose cwd /Users/amotgi/realtime-dashboard
17 error Darwin 16.5.0
18 error argv "/Users/amotgi/.nvm/versions/node/v4.2.6/bin/node" "/Users/amotgi/.nvm/versions/node/v4.2.6/bin/npm" "run" "start"
19 error node v4.2.6
20 error npm  v4.0.3
21 error code ELIFECYCLE
22 error realtime-dashboard@1.0.0 start: `webpack && npm run build`
22 error Exit status 2
23 error Failed at the realtime-dashboard@1.0.0 start script 'webpack && npm run build'.
23 error Make sure you have the latest version of node.js and npm installed.
23 error If you do, this is most likely a problem with the realtime-dashboard package,
23 error not with npm itself.
23 error Tell the author that this fails on your system:
23 error     webpack && npm run build
23 error You can get information on how to open an issue for this project with:
23 error     npm bugs realtime-dashboard
23 error Or if that isn't available, you can get their info via:
23 error     npm owner ls realtime-dashboard
23 error There is likely additional logging output above.
24 verbose exit [ 1, true ]
